0 info it worked if it ends with ok
1 verbose cli [ 'C:\\Program Files\\nodejs\\node.exe',
1 verbose cli   'C:\\Users\\rafae\\AppData\\Roaming\\npm\\node_modules\\npm\\bin\\npm-cli.js',
1 verbose cli   'run',
1 verbose cli   'serve' ]
2 info using npm@3.7.1
3 info using node@v5.5.0
4 verbose run-script [ 'preserve', 'serve', 'postserve' ]
5 info lifecycle ats@1.0.0~preserve: ats@1.0.0
6 silly lifecycle ats@1.0.0~preserve: no script for preserve, continuing
7 info lifecycle ats@1.0.0~serve: ats@1.0.0
8 verbose lifecycle ats@1.0.0~serve: unsafe-perm in lifecycle true
9 verbose lifecycle ats@1.0.0~serve: PATH: C:\Users\rafae\AppData\Roaming\npm\node_modules\npm\bin\node-gyp-bin;C:\prueba\app\node_modules\.bin;C:\Program Files\nodejs;C:\ProgramData\Oracle\Java\javapath;C:\WINDOWS\system32;C:\WINDOWS;C:\WINDOWS\System32\Wbem;C:\WINDOWS\System32\WindowsPowerShell\v1.0\;C:\Users\rafae\.dnx\bin;C:\Program Files\Microsoft DNX\Dnvm\;C:\Program Files\Microsoft SQL Server\120\Tools\Binn\;C:\Program Files (x86)\Windows Kits\10\Windows Performance Toolkit\;C:\Program Files\Blender Foundation\Blender\;C:\CmdTools;C:\Program Files\Git\cmd;C:\Program Files\nodejs\;C:\Users\rafae\.dnx\runtimes\dnx-clr-win-x86.1.0.0-beta7\bin;C:\Users\rafae\.dnx\bin;C:\Users\rafae\AppData\Local\atom\bin;C:\Program Files (x86)\Microsoft VS Code\bin;C:\PATH;C:\Users\rafae\AppData\Roaming\npm
10 verbose lifecycle ats@1.0.0~serve: CWD: C:\prueba\app
11 silly lifecycle ats@1.0.0~serve: Args: [ '/d /s /c', 'tsc && http-server' ]
12 silly lifecycle ats@1.0.0~serve: Returned: code: 1  signal: null
13 info lifecycle ats@1.0.0~serve: Failed to exec serve script
14 verbose stack Error: ats@1.0.0 serve: `tsc && http-server`
14 verbose stack Exit status 1
14 verbose stack     at EventEmitter.<anonymous> (C:\Users\rafae\AppData\Roaming\npm\node_modules\npm\lib\utils\lifecycle.js:239:16)
14 verbose stack     at emitTwo (events.js:100:13)
14 verbose stack     at EventEmitter.emit (events.js:185:7)
14 verbose stack     at ChildProcess.<anonymous> (C:\Users\rafae\AppData\Roaming\npm\node_modules\npm\lib\utils\spawn.js:24:14)
14 verbose stack     at emitTwo (events.js:100:13)
14 verbose stack     at ChildProcess.emit (events.js:185:7)
14 verbose stack     at maybeClose (internal/child_process.js:821:16)
14 verbose stack     at Process.ChildProcess._handle.onexit (internal/child_process.js:211:5)
15 verbose pkgid ats@1.0.0
16 verbose cwd C:\prueba\app
17 error Windows_NT 10.0.10586
18 error argv "C:\\Program Files\\nodejs\\node.exe" "C:\\Users\\rafae\\AppData\\Roaming\\npm\\node_modules\\npm\\bin\\npm-cli.js" "run" "serve"
19 error node v5.5.0
20 error npm  v3.7.1
21 error code ELIFECYCLE
22 error ats@1.0.0 serve: `tsc && http-server`
22 error Exit status 1
23 error Failed at the ats@1.0.0 serve script 'tsc && http-server'.
23 error Make sure you have the latest version of node.js and npm installed.
23 error If you do, this is most likely a problem with the ats package,
23 error not with npm itself.
23 error Tell the author that this fails on your system:
23 error     tsc && http-server
23 error You can get information on how to open an issue for this project with:
23 error     npm bugs ats
23 error Or if that isn't available, you can get their info via:
23 error     npm owner ls ats
23 error There is likely additional logging output above.
24 verbose exit [ 1, true ]
